# JRE version: OpenJDK Runtime Environment Microsoft-40648 (11.0.16.1+1) (build 11.0.16.1+1-LTS)
# Java VM: OpenJDK 64-Bit Server VM Microsoft-40648 (11.0.16.1+1-LTS, mixed mode, tiered, compressed oops, g1 gc, windows-amd64)
Heap:
 garbage-first heap   total 65536K, used 11469K [0x00000000fc000000, 0x0000000100000000)
  region size 1024K, 2 young (2048K), 1 survivors (1024K)
 Metaspace       used 17102K, capacity 17422K, committed 17664K, reserved 1064960K
  class space    used 1905K, capacity 2025K, committed 2048K, reserved 1048576K
GC Heap History (6 events):
Event: 1.851 GC heap before
{Heap before GC invocations=0 (full 0):
 garbage-first heap   total 65536K, used 16384K [0x00000000fc000000, 0x0000000100000000)
  region size 1024K, 14 young (14336K), 0 survivors (0K)
 Metaspace       used 7573K, capacity 7825K, committed 7936K, reserved 1056768K
  class space    used 654K, capacity 754K, committed 768K, reserved 1048576K
}
Event: 1.861 GC heap after
{Heap after GC invocations=1 (full 0):
 garbage-first heap   total 65536K, used 3538K [0x00000000fc000000, 0x0000000100000000)
  region size 1024K, 2 young (2048K), 2 survivors (2048K)
 Metaspace       used 7573K, capacity 7825K, committed 7936K, reserved 1056768K
  class space    used 654K, capacity 754K, committed 768K, reserved 1048576K
}
Event: 6.024 GC heap before
{Heap before GC invocations=1 (full 0):
 garbage-first heap   total 65536K, used 43474K [0x00000000fc000000, 0x0000000100000000)
  region size 1024K, 38 young (38912K), 2 survivors (2048K)
 Metaspace       used 16139K, capacity 16440K, committed 16512K, reserved 1064960K
  class space    used 1806K, capacity 1907K, committed 1920K, reserved 1048576K
}
Event: 6.056 GC heap after
{Heap after GC invocations=2 (full 0):
 garbage-first heap   total 65536K, used 10917K [0x00000000fc000000, 0x0000000100000000)
  region size 1024K, 5 young (5120K), 5 survivors (5120K)
 Metaspace       used 16139K, capacity 16440K, committed 16512K, reserved 1064960K
  class space    used 1806K, capacity 1907K, committed 1920K, reserved 1048576K
}
Event: 15.179 GC heap before
{Heap before GC invocations=2 (full 0):
 garbage-first heap   total 65536K, used 12965K [0x00000000fc000000, 0x0000000100000000)
  region size 1024K, 7 young (7168K), 5 survivors (5120K)
 Metaspace       used 16641K, capacity 16929K, committed 17152K, reserved 1064960K
  class space    used 1848K, capacity 1988K, committed 2048K, reserved 1048576K
}
Event: 15.186 GC heap after
{Heap after GC invocations=3 (full 0):
 garbage-first heap   total 65536K, used 11469K [0x00000000fc000000, 0x0000000100000000)
  region size 1024K, 1 young (1024K), 1 survivors (1024K)
 Metaspace       used 16641K, capacity 16929K, committed 17152K, reserved 1064960K
  class space    used 1848K, capacity 1988K, committed 2048K, reserved 1048576K
}

