# JRE version: OpenJDK Runtime Environment Microsoft-40648 (11.0.16.1+1) (build 11.0.16.1+1-LTS)
# Java VM: OpenJDK 64-Bit Server VM Microsoft-40648 (11.0.16.1+1-LTS, mixed mode, tiered, compressed oops, g1 gc, windows-amd64)
Heap:
 garbage-first heap   total 304128K, used 172492K [0x0000000080000000, 0x0000000100000000)
  region size 1024K, 18 young (18432K), 7 survivors (7168K)
 Metaspace       used 111959K, capacity 116174K, committed 116436K, reserved 616448K
  class space    used 14621K, capacity 16206K, committed 16332K, reserved 516096K
GC Heap History (20 events):
Event: 53.130 GC heap before
{Heap before GC invocations=52 (full 0):
 garbage-first heap   total 155648K, used 128995K [0x0000000080000000, 0x0000000100000000)
  region size 1024K, 13 young (13312K), 2 survivors (2048K)
 Metaspace       used 97185K, capacity 100426K, committed 100692K, reserved 604160K
  class space    used 12763K, capacity 14053K, committed 14156K, reserved 516096K
}
Event: 53.140 GC heap after
{Heap after GC invocations=53 (full 0):
 garbage-first heap   total 187392K, used 119534K [0x0000000080000000, 0x0000000100000000)
  region size 1024K, 2 young (2048K), 2 survivors (2048K)
 Metaspace       used 97185K, capacity 100426K, committed 100692K, reserved 604160K
  class space    used 12763K, capacity 14053K, committed 14156K, reserved 516096K
}
Event: 53.393 GC heap before
{Heap before GC invocations=54 (full 0):
 garbage-first heap   total 187392K, used 129774K [0x0000000080000000, 0x0000000100000000)
  region size 1024K, 14 young (14336K), 2 survivors (2048K)
 Metaspace       used 97259K, capacity 100574K, committed 100692K, reserved 604160K
  class space    used 12769K, capacity 14061K, committed 14156K, reserved 516096K
}
Event: 53.405 GC heap after
{Heap after GC invocations=55 (full 0):
 garbage-first heap   total 187392K, used 120608K [0x0000000080000000, 0x0000000100000000)
  region size 1024K, 2 young (2048K), 2 survivors (2048K)
 Metaspace       used 97259K, capacity 100574K, committed 100692K, reserved 604160K
  class space    used 12769K, capacity 14061K, committed 14156K, reserved 516096K
}
Event: 54.138 GC heap before
{Heap before GC invocations=56 (full 0):
 garbage-first heap   total 187392K, used 149280K [0x0000000080000000, 0x0000000100000000)
  region size 1024K, 25 young (25600K), 2 survivors (2048K)
 Metaspace       used 98140K, capacity 101632K, committed 101844K, reserved 604160K
  class space    used 12904K, capacity 14240K, committed 14284K, reserved 516096K
}
Event: 54.148 GC heap after
{Heap after GC invocations=57 (full 0):
 garbage-first heap   total 187392K, used 127311K [0x0000000080000000, 0x0000000100000000)
  region size 1024K, 4 young (4096K), 4 survivors (4096K)
 Metaspace       used 98140K, capacity 101632K, committed 101844K, reserved 604160K
  class space    used 12904K, capacity 14240K, committed 14284K, reserved 516096K
}
Event: 54.574 GC heap before
{Heap before GC invocations=57 (full 0):
 garbage-first heap   total 187392K, used 148815K [0x0000000080000000, 0x0000000100000000)
  region size 1024K, 25 young (25600K), 4 survivors (4096K)
 Metaspace       used 99257K, capacity 102845K, committed 103124K, reserved 606208K
  class space    used 13036K, capacity 14411K, committed 14540K, reserved 516096K
}
Event: 54.588 GC heap after
{Heap after GC invocations=58 (full 0):
 garbage-first heap   total 187392K, used 130097K [0x0000000080000000, 0x0000000100000000)
  region size 1024K, 3 young (3072K), 3 survivors (3072K)
 Metaspace       used 99257K, capacity 102845K, committed 103124K, reserved 606208K
  class space    used 13036K, capacity 14411K, committed 14540K, reserved 516096K
}
Event: 55.355 GC heap before
{Heap before GC invocations=59 (full 0):
 garbage-first heap   total 187392K, used 150577K [0x0000000080000000, 0x0000000100000000)
  region size 1024K, 24 young (24576K), 3 survivors (3072K)
 Metaspace       used 99674K, capacity 103256K, committed 103380K, reserved 606208K
  class space    used 13084K, capacity 14495K, committed 14540K, reserved 516096K
}
Event: 55.368 GC heap after
{Heap after GC invocations=60 (full 0):
 garbage-first heap   total 245760K, used 133453K [0x0000000080000000, 0x0000000100000000)
  region size 1024K, 3 young (3072K), 3 survivors (3072K)
 Metaspace       used 99674K, capacity 103256K, committed 103380K, reserved 606208K
  class space    used 13084K, capacity 14495K, committed 14540K, reserved 516096K
}
Event: 56.342 GC heap before
{Heap before GC invocations=60 (full 0):
 garbage-first heap   total 245760K, used 177485K [0x0000000080000000, 0x0000000100000000)
  region size 1024K, 46 young (47104K), 3 survivors (3072K)
 Metaspace       used 101930K, capacity 105726K, committed 105812K, reserved 608256K
  class space    used 13390K, capacity 14878K, committed 14924K, reserved 516096K
}
Event: 56.359 GC heap after
{Heap after GC invocations=61 (full 0):
 garbage-first heap   total 245760K, used 138680K [0x0000000080000000, 0x0000000100000000)
  region size 1024K, 6 young (6144K), 6 survivors (6144K)
 Metaspace       used 101930K, capacity 105726K, committed 105812K, reserved 608256K
  class space    used 13390K, capacity 14878K, committed 14924K, reserved 516096K
}
Event: 57.817 GC heap before
{Heap before GC invocations=62 (full 0):
 garbage-first heap   total 245760K, used 183736K [0x0000000080000000, 0x0000000100000000)
  region size 1024K, 50 young (51200K), 6 survivors (6144K)
 Metaspace       used 105220K, capacity 109246K, committed 109396K, reserved 610304K
  class space    used 13882K, capacity 15411K, committed 15436K, reserved 516096K
}
Event: 57.839 GC heap after
{Heap after GC invocations=63 (full 0):
 garbage-first heap   total 245760K, used 143654K [0x0000000080000000, 0x0000000100000000)
  region size 1024K, 7 young (7168K), 7 survivors (7168K)
 Metaspace       used 105220K, capacity 109246K, committed 109396K, reserved 610304K
  class space    used 13882K, capacity 15411K, committed 15436K, reserved 516096K
}
Event: 59.275 GC heap before
{Heap before GC invocations=63 (full 0):
 garbage-first heap   total 245760K, used 187686K [0x0000000080000000, 0x0000000100000000)
  region size 1024K, 50 young (51200K), 7 survivors (7168K)
 Metaspace       used 109017K, capacity 113092K, committed 113236K, reserved 614400K
  class space    used 14332K, capacity 15904K, committed 15948K, reserved 516096K
}
Event: 59.301 GC heap after
{Heap after GC invocations=64 (full 0):
 garbage-first heap   total 245760K, used 148268K [0x0000000080000000, 0x0000000100000000)
  region size 1024K, 5 young (5120K), 5 survivors (5120K)
 Metaspace       used 109017K, capacity 113092K, committed 113236K, reserved 614400K
  class space    used 14332K, capacity 15904K, committed 15948K, reserved 516096K
}
Event: 61.074 GC heap before
{Heap before GC invocations=65 (full 0):
 garbage-first heap   total 245760K, used 192300K [0x0000000080000000, 0x0000000100000000)
  region size 1024K, 48 young (49152K), 5 survivors (5120K)
 Metaspace       used 109890K, capacity 114162K, committed 114388K, reserved 616448K
  class space    used 14416K, capacity 15999K, committed 16076K, reserved 516096K
}
Event: 61.109 GC heap after
{Heap after GC invocations=66 (full 0):
 garbage-first heap   total 304128K, used 154613K [0x0000000080000000, 0x0000000100000000)
  region size 1024K, 6 young (6144K), 6 survivors (6144K)
 Metaspace       used 109890K, capacity 114162K, committed 114388K, reserved 616448K
  class space    used 14416K, capacity 15999K, committed 16076K, reserved 516096K
}
Event: 62.325 GC heap before
{Heap before GC invocations=66 (full 0):
 garbage-first heap   total 304128K, used 217077K [0x0000000080000000, 0x0000000100000000)
  region size 1024K, 67 young (68608K), 6 survivors (6144K)
 Metaspace       used 111402K, capacity 115670K, committed 115796K, reserved 616448K
  class space    used 14559K, capacity 16170K, committed 16204K, reserved 516096K
}
Event: 62.354 GC heap after
{Heap after GC invocations=67 (full 0):
 garbage-first heap   total 304128K, used 162252K [0x0000000080000000, 0x0000000100000000)
  region size 1024K, 7 young (7168K), 7 survivors (7168K)
 Metaspace       used 111402K, capacity 115670K, committed 115796K, reserved 616448K
  class space    used 14559K, capacity 16170K, committed 16204K, reserved 516096K
}

