# JRE version: OpenJDK Runtime Environment Microsoft-40648 (11.0.16.1+1) (build 11.0.16.1+1-LTS)
# Java VM: OpenJDK 64-Bit Server VM Microsoft-40648 (11.0.16.1+1-LTS, mixed mode, tiered, compressed oops, g1 gc, windows-amd64)
Heap:
 garbage-first heap   total 129024K, used 29730K [0x0000000080000000, 0x0000000100000000)
  region size 1024K, 15 young (15360K), 3 survivors (3072K)
 Metaspace       used 26251K, capacity 26842K, committed 27056K, reserved 540672K
  class space    used 3372K, capacity 3583K, committed 3584K, reserved 516096K
GC Heap History (10 events):
Event: 1.770 GC heap before
{Heap before GC invocations=0 (full 0):
 garbage-first heap   total 129024K, used 16384K [0x0000000080000000, 0x0000000100000000)
  region size 1024K, 14 young (14336K), 0 survivors (0K)
 Metaspace       used 6792K, capacity 6993K, committed 7168K, reserved 524288K
  class space    used 574K, capacity 650K, committed 768K, reserved 516096K
}
Event: 1.781 GC heap after
{Heap after GC invocations=1 (full 0):
 garbage-first heap   total 129024K, used 3597K [0x0000000080000000, 0x0000000100000000)
  region size 1024K, 2 young (2048K), 2 survivors (2048K)
 Metaspace       used 6792K, capacity 6993K, committed 7168K, reserved 524288K
  class space    used 574K, capacity 650K, committed 768K, reserved 516096K
}
Event: 9.161 GC heap before
{Heap before GC invocations=1 (full 0):
 garbage-first heap   total 129024K, used 82445K [0x0000000080000000, 0x0000000100000000)
  region size 1024K, 75 young (76800K), 2 survivors (2048K)
 Metaspace       used 16830K, capacity 17197K, committed 17408K, reserved 532480K
  class space    used 1905K, capacity 2033K, committed 2048K, reserved 516096K
}
Event: 9.216 GC heap after
{Heap after GC invocations=2 (full 0):
 garbage-first heap   total 129024K, used 15885K [0x0000000080000000, 0x0000000100000000)
  region size 1024K, 10 young (10240K), 10 survivors (10240K)
 Metaspace       used 16830K, capacity 17197K, committed 17408K, reserved 532480K
  class space    used 1905K, capacity 2033K, committed 2048K, reserved 516096K
}
Event: 9.475 GC heap before
{Heap before GC invocations=2 (full 0):
 garbage-first heap   total 129024K, used 19981K [0x0000000080000000, 0x0000000100000000)
  region size 1024K, 14 young (14336K), 10 survivors (10240K)
 Metaspace       used 17521K, capacity 17908K, committed 18048K, reserved 532480K
  class space    used 2001K, capacity 2144K, committed 2176K, reserved 516096K
}
Event: 9.489 GC heap after
{Heap after GC invocations=3 (full 0):
 garbage-first heap   total 129024K, used 16547K [0x0000000080000000, 0x0000000100000000)
  region size 1024K, 1 young (1024K), 1 survivors (1024K)
 Metaspace       used 17521K, capacity 17908K, committed 18048K, reserved 532480K
  class space    used 2001K, capacity 2144K, committed 2176K, reserved 516096K
}
Event: 10.616 GC heap before
{Heap before GC invocations=3 (full 0):
 garbage-first heap   total 129024K, used 43171K [0x0000000080000000, 0x0000000100000000)
  region size 1024K, 28 young (28672K), 1 survivors (1024K)
 Metaspace       used 20708K, capacity 21123K, committed 21296K, reserved 536576K
  class space    used 2472K, capacity 2620K, committed 2688K, reserved 516096K
}
Event: 10.625 GC heap after
{Heap after GC invocations=4 (full 0):
 garbage-first heap   total 129024K, used 17330K [0x0000000080000000, 0x0000000100000000)
  region size 1024K, 2 young (2048K), 2 survivors (2048K)
 Metaspace       used 20708K, capacity 21123K, committed 21296K, reserved 536576K
  class space    used 2472K, capacity 2620K, committed 2688K, reserved 516096K
}
Event: 12.307 GC heap before
{Heap before GC invocations=5 (full 0):
 garbage-first heap   total 129024K, used 56242K [0x0000000080000000, 0x0000000100000000)
  region size 1024K, 41 young (41984K), 2 survivors (2048K)
 Metaspace       used 24759K, capacity 25263K, committed 25392K, reserved 538624K
  class space    used 3127K, capacity 3349K, committed 3456K, reserved 516096K
}
Event: 12.316 GC heap after
{Heap after GC invocations=6 (full 0):
 garbage-first heap   total 129024K, used 18466K [0x0000000080000000, 0x0000000100000000)
  region size 1024K, 3 young (3072K), 3 survivors (3072K)
 Metaspace       used 24759K, capacity 25263K, committed 25392K, reserved 538624K
  class space    used 3127K, capacity 3349K, committed 3456K, reserved 516096K
}

